0 info it worked if it ends with ok
1 verbose cli [ '/usr/bin/nodejs', '/usr/bin/npm', 'start' ]
2 info using npm@4.0.3
3 info using node@v6.9.2
4 verbose run-script [ 'prestart', 'start', 'poststart' ]
5 info lifecycle edm-sweep@0.0.0~prestart: edm-sweep@0.0.0
6 silly lifecycle edm-sweep@0.0.0~prestart: no script for prestart, continuing
7 info lifecycle edm-sweep@0.0.0~start: edm-sweep@0.0.0
8 verbose lifecycle edm-sweep@0.0.0~start: unsafe-perm in lifecycle true
9 verbose lifecycle edm-sweep@0.0.0~start: PATH: /usr/lib/node_modules/npm/bin/node-gyp-bin:/home/amazecpk/web/edm-sweep/node_modules/.bin:/usr/local/bin:/usr/bin:/bin:/usr/local/games:/usr/games
10 verbose lifecycle edm-sweep@0.0.0~start: CWD: /home/amazecpk/web/edm-sweep
11 silly lifecycle edm-sweep@0.0.0~start: Args: [ '-c', 'node ./bin/www' ]
12 silly lifecycle edm-sweep@0.0.0~start: Returned: code: 1  signal: null
13 info lifecycle edm-sweep@0.0.0~start: Failed to exec start script
14 verbose stack Error: edm-sweep@0.0.0 start: `node ./bin/www`
14 verbose stack Exit status 1
14 verbose stack     at EventEmitter.<anonymous> (/usr/lib/node_modules/npm/lib/utils/lifecycle.js:279:16)
14 verbose stack     at emitTwo (events.js:106:13)
14 verbose stack     at EventEmitter.emit (events.js:191:7)
14 verbose stack     at ChildProcess.<anonymous> (/usr/lib/node_modules/npm/lib/utils/spawn.js:40:14)
14 verbose stack     at emitTwo (events.js:106:13)
14 verbose stack     at ChildProcess.emit (events.js:191:7)
14 verbose stack     at maybeClose (internal/child_process.js:877:16)
14 verbose stack     at Process.ChildProcess._handle.onexit (internal/child_process.js:226:5)
15 verbose pkgid edm-sweep@0.0.0
16 verbose cwd /home/amazecpk/web/edm-sweep
17 error Linux 4.8.6-x86_64-linode78
18 error argv "/usr/bin/nodejs" "/usr/bin/npm" "start"
19 error node v6.9.2
20 error npm  v4.0.3
21 error code ELIFECYCLE
22 error edm-sweep@0.0.0 start: `node ./bin/www`
22 error Exit status 1
23 error Failed at the edm-sweep@0.0.0 start script 'node ./bin/www'.
23 error Make sure you have the latest version of node.js and npm installed.
23 error If you do, this is most likely a problem with the edm-sweep package,
23 error not with npm itself.
23 error Tell the author that this fails on your system:
23 error     node ./bin/www
23 error You can get information on how to open an issue for this project with:
23 error     npm bugs edm-sweep
23 error Or if that isn't available, you can get their info via:
23 error     npm owner ls edm-sweep
23 error There is likely additional logging output above.
24 verbose exit [ 1, true ]
